Building into build/release.x64
  GEN gen/include/osv/version.h
  GEN gen/include/osv/drivers_config.h
  CXX loader.cc
  CXX core/version.cc
  CXX libc/libc.cc
Building into build/release.x64
  GEN gen/include/osv/version.h
  GEN gen/include/osv/drivers_config.h
  LINK loader.elf
  LIBOSV.SO
  STRIP loader.elf -> loader-stripped.elf 
  LZ loader-stripped.elf
  OBJCOPY loader-stripped.elf.lz -> loader-stripped.elf.lz.o
  LINK lzloader.elf
  ALIGN lzloader.elf
  AS arch/x64/boot16.S
  LD build/release.x64/boot.bin
  DD loader.img boot.bin
  DD loader.img lzloader.elf
  IMGEDIT build/release.x64/loader.img
  IMGEDIT build/release.x64/loader.img
  LINK zfs_builder.elf
  STRIP zfs_builder.elf -> zfs_builder-stripped.elf 
  AS arch/x64/vmlinuz-boot32.S
  LD build/release.x64/vmlinuz-boot.bin
  DD vmlinuz.bin vmlinuz-boot.bin
  DD vmlinuz.bin loader-stripped.elf
